<?xml version="1.0" encoding="UTF-8"?>
<!-- Generated by org.testng.reporters.JUnitReportReporter -->
<testsuite hostname="Admin-PC" name="ZaleniumTests.LoginTest" tests="2" failures="0" timestamp="13 Mar 2020 19:06:14 GMT" time="35.336" errors="0">
  <testcase name="loginTest" time="16.935" classname="ZaleniumTests.LoginTest"/>
  <testcase name="loginTest" time="18.401" classname="ZaleniumTests.LoginTest"/>
</testsuite> <!-- ZaleniumTests.LoginTest -->
